<?xml version="1.0" encoding="UTF-8"?>
<testng-results ignored="0" total="1" passed="1" failed="0" skipped="0">
  <reporter-output>
  </reporter-output>
  <suite started-at="2023-07-17T15:26:06 IST" name="Default suite" finished-at="2023-07-17T15:26:14 IST" duration-ms="7773">
    <groups>
    </groups>
    <test started-at="2023-07-17T15:26:06 IST" name="Default test" finished-at="2023-07-17T15:26:14 IST" duration-ms="7773">
      <class name="rahulshettyacademy.ExtendReports.ExtentReportsDemo">
        <test-method is-config="true" signature="config()[pri:0, instance:rahulshettyacademy.ExtendReports.ExtentReportsDemo@6069db50]" started-at="2023-07-17T15:26:06 IST" name="config" finished-at="2023-07-17T15:26:07 IST" duration-ms="471" status="PASS">
          <reporter-output>
          </reporter-output>
        </test-method> <!-- config -->
        <test-method signature="initialDemo()[pri:0, instance:rahulshettyacademy.ExtendReports.ExtentReportsDemo@6069db50]" started-at="2023-07-17T15:26:07 IST" name="initialDemo" finished-at="2023-07-17T15:26:14 IST" duration-ms="7214" status="PASS">
          <reporter-output>
          </reporter-output>
        </test-method> <!-- initialDemo -->
      </class> <!-- rahulshettyacademy.ExtendReports.ExtentReportsDemo -->
    </test> <!-- Default test -->
  </suite> <!-- Default suite -->
</testng-results>
